<?xml version="1.0" encoding="UTF-8"?>
<!-- Generated by org.testng.reporters.JUnitReportReporter -->
<testsuite hostname="LAPTOP-0AE5AE9K" failures="0" tests="3" name="com.hadir.runners.RunnerImportAbsen" time="40.613" errors="0" timestamp="2025-09-18T07:20:59 ICT" skipped="0">
  <testcase classname="com.hadir.runners.RunnerImportAbsen" name="runScenario" time="9.006"/>
  <testcase classname="com.hadir.runners.RunnerImportAbsen" name="runScenario" time="9.491"/>
  <testcase classname="com.hadir.runners.RunnerImportAbsen" name="runScenario" time="22.116"/>
</testsuite> <!-- com.hadir.runners.RunnerImportAbsen -->
